[sites.google.com/view/knowyouradhikar/home.html]
[sites.google.com/view/knowyouradhikar/POST.1.delayed]
[backblue.gif]
[fade.gif]
[index.html]
[ssl.gstatic.com/atari/images/simple-header-blended-small.png]
[apis.google.com/js/clientc932.js]
[sites.google.com/view/knowyouradhikar/red-card.html]
[sites.google.com/view/knowyouradhikar/what-if-scenario.html]
[sites.google.com/view/knowyouradhikar/resources.html]
[sites.google.com/view/knowyouradhikar/contact.html]
[sites.google.com/view/knowyouradhikar/home.html]
[sites.google.com/view/knowyouradhikar/POST.html]
[sites.google.com/view/knowyouradhikar/sms.html]
[www.google.com/images/icons/product/drive-32.png]
[sites.google.com/view/knowyouradhikar/red-card.html]
[sites.google.com/view/knowyouradhikar/what-if-scenario.html]
[sites.google.com/view/knowyouradhikar/resources.html]
[sites.google.com/view/knowyouradhikar/contact.html]
[sites.google.com/view/knowyouradhikar/sms.html]
[sites.google.com/view/knowyouradhikar/_sms_&body=Hey, I’m alerting you that I may be/detained by ICE authorities. If you do not hear/locator.ice.gov/odls/index.html]
[sites.google.com/view/knowyouradhikar/_sms_&body=Hey, I’m alerting you that I may be/detained by ICE authorities. If you do not hear/locator.ice.gov/odls/index.html]
